{"C:\\Users\\mehul\\OneDrive\\Desktop\\react-learning\\Scaler-Frontend\\react\\e-commerce\\src\\components\\Product.jsx": {"path":"C:\\Users\\mehul\\OneDrive\\Desktop\\react-learning\\Scaler-Frontend\\react\\e-commerce\\src\\components\\Product.jsx","all":false,"statementMap":{"0":{"start":{"line":1,"column":0},"end":{"line":1,"column":40}},"1":{"start":{"line":2,"column":0},"end":{"line":2,"column":8}},"8":{"start":{"line":9,"column":0},"end":{"line":9,"column":37}},"9":{"start":{"line":10,"column":0},"end":{"line":10,"column":8}},"16":{"start":{"line":17,"column":0},"end":{"line":17,"column":31}},"18":{"start":{"line":19,"column":0},"end":{"line":19,"column":36}},"19":{"start":{"line":20,"column":0},"end":{"line":20,"column":55}},"20":{"start":{"line":21,"column":0},"end":{"line":21,"column":46}},"21":{"start":{"line":22,"column":0},"end":{"line":22,"column":30}},"23":{"start":{"line":24,"column":0},"end":{"line":24,"column":31}},"24":{"start":{"line":25,"column":0},"end":{"line":25,"column":33}},"25":{"start":{"line":26,"column":0},"end":{"line":26,"column":104}},"26":{"start":{"line":27,"column":0},"end":{"line":27,"column":59}},"28":{"start":{"line":29,"column":0},"end":{"line":29,"column":28}},"29":{"start":{"line":30,"column":0},"end":{"line":30,"column":23}},"31":{"start":{"line":32,"column":0},"end":{"line":32,"column":30}},"32":{"start":{"line":33,"column":0},"end":{"line":33,"column":47}},"33":{"start":{"line":34,"column":0},"end":{"line":34,"column":34}},"34":{"start":{"line":35,"column":0},"end":{"line":35,"column":5}},"35":{"start":{"line":36,"column":0},"end":{"line":36,"column":5}},"37":{"start":{"line":38,"column":0},"end":{"line":38,"column":41}},"38":{"start":{"line":39,"column":0},"end":{"line":39,"column":29}},"39":{"start":{"line":40,"column":0},"end":{"line":40,"column":3}},"41":{"start":{"line":42,"column":0},"end":{"line":42,"column":34}},"42":{"start":{"line":43,"column":0},"end":{"line":43,"column":13}},"43":{"start":{"line":44,"column":0},"end":{"line":44,"column":17}},"44":{"start":{"line":45,"column":0},"end":{"line":45,"column":16}},"45":{"start":{"line":46,"column":0},"end":{"line":46,"column":40}},"46":{"start":{"line":47,"column":0},"end":{"line":47,"column":8}},"47":{"start":{"line":48,"column":0},"end":{"line":48,"column":6}},"48":{"start":{"line":49,"column":0},"end":{"line":49,"column":33}},"49":{"start":{"line":50,"column":0},"end":{"line":50,"column":15}},"50":{"start":{"line":51,"column":0},"end":{"line":51,"column":23}},"51":{"start":{"line":52,"column":0},"end":{"line":52,"column":26}},"52":{"start":{"line":53,"column":0},"end":{"line":53,"column":8}},"53":{"start":{"line":54,"column":0},"end":{"line":54,"column":7}},"54":{"start":{"line":55,"column":0},"end":{"line":55,"column":26}},"55":{"start":{"line":56,"column":0},"end":{"line":56,"column":3}},"57":{"start":{"line":58,"column":0},"end":{"line":58,"column":10}},"58":{"start":{"line":59,"column":0},"end":{"line":59,"column":6}},"59":{"start":{"line":60,"column":0},"end":{"line":60,"column":46}},"60":{"start":{"line":61,"column":0},"end":{"line":61,"column":60}},"61":{"start":{"line":62,"column":0},"end":{"line":62,"column":79}},"62":{"start":{"line":63,"column":0},"end":{"line":63,"column":44}},"63":{"start":{"line":64,"column":0},"end":{"line":64,"column":19}},"64":{"start":{"line":65,"column":0},"end":{"line":65,"column":18}},"65":{"start":{"line":66,"column":0},"end":{"line":66,"column":80}},"67":{"start":{"line":68,"column":0},"end":{"line":68,"column":12}},"68":{"start":{"line":69,"column":0},"end":{"line":69,"column":27}},"69":{"start":{"line":70,"column":0},"end":{"line":70,"column":26}},"70":{"start":{"line":71,"column":0},"end":{"line":71,"column":41}},"71":{"start":{"line":72,"column":0},"end":{"line":72,"column":10}},"72":{"start":{"line":73,"column":0},"end":{"line":73,"column":53}},"73":{"start":{"line":74,"column":0},"end":{"line":74,"column":13}},"74":{"start":{"line":75,"column":0},"end":{"line":75,"column":54}},"75":{"start":{"line":76,"column":0},"end":{"line":76,"column":39}},"76":{"start":{"line":77,"column":0},"end":{"line":77,"column":14}},"77":{"start":{"line":78,"column":0},"end":{"line":78,"column":13}},"78":{"start":{"line":79,"column":0},"end":{"line":79,"column":56}},"79":{"start":{"line":80,"column":0},"end":{"line":80,"column":44}},"80":{"start":{"line":81,"column":0},"end":{"line":81,"column":14}},"81":{"start":{"line":82,"column":0},"end":{"line":82,"column":14}},"82":{"start":{"line":83,"column":0},"end":{"line":83,"column":20}},"83":{"start":{"line":84,"column":0},"end":{"line":84,"column":31}},"84":{"start":{"line":85,"column":0},"end":{"line":85,"column":17}},"85":{"start":{"line":86,"column":0},"end":{"line":86,"column":73}},"87":{"start":{"line":88,"column":0},"end":{"line":88,"column":15}},"88":{"start":{"line":89,"column":0},"end":{"line":89,"column":51}},"89":{"start":{"line":90,"column":0},"end":{"line":90,"column":28}},"90":{"start":{"line":91,"column":0},"end":{"line":91,"column":31}},"92":{"start":{"line":93,"column":0},"end":{"line":93,"column":46}},"93":{"start":{"line":94,"column":0},"end":{"line":94,"column":57}},"94":{"start":{"line":95,"column":0},"end":{"line":95,"column":26}},"95":{"start":{"line":96,"column":0},"end":{"line":96,"column":25}},"96":{"start":{"line":97,"column":0},"end":{"line":97,"column":74}},"97":{"start":{"line":98,"column":0},"end":{"line":98,"column":22}},"98":{"start":{"line":99,"column":0},"end":{"line":99,"column":62}},"99":{"start":{"line":100,"column":0},"end":{"line":100,"column":28}},"100":{"start":{"line":101,"column":0},"end":{"line":101,"column":29}},"102":{"start":{"line":103,"column":0},"end":{"line":103,"column":15}},"103":{"start":{"line":104,"column":0},"end":{"line":104,"column":26}},"104":{"start":{"line":105,"column":0},"end":{"line":105,"column":17}},"105":{"start":{"line":106,"column":0},"end":{"line":106,"column":54}},"106":{"start":{"line":107,"column":0},"end":{"line":107,"column":30}},"107":{"start":{"line":108,"column":0},"end":{"line":108,"column":17}},"108":{"start":{"line":109,"column":0},"end":{"line":109,"column":19}},"109":{"start":{"line":110,"column":0},"end":{"line":110,"column":7}},"111":{"start":{"line":112,"column":0},"end":{"line":112,"column":2}},"113":{"start":{"line":114,"column":0},"end":{"line":114,"column":23}}},"s":{"0":1,"1":1,"8":1,"9":1,"16":1,"18":1,"19":1,"20":1,"21":1,"23":1,"24":1,"25":1,"26":1,"28":1,"29":1,"31":1,"32":1,"33":0,"34":0,"35":1,"37":1,"38":0,"39":0,"41":1,"42":0,"43":0,"44":0,"45":0,"46":0,"47":0,"48":0,"49":0,"50":0,"51":0,"52":0,"53":0,"54":0,"55":0,"57":1,"58":1,"59":1,"60":1,"61":1,"62":1,"63":1,"64":1,"65":1,"67":1,"68":1,"69":1,"70":1,"71":1,"72":1,"73":1,"74":1,"75":1,"76":1,"77":1,"78":1,"79":1,"80":1,"81":1,"82":1,"83":1,"84":1,"85":1,"87":1,"88":1,"89":1,"90":1,"92":1,"93":1,"94":1,"95":1,"96":1,"97":10,"98":10,"99":10,"100":10,"102":1,"103":1,"104":1,"105":1,"106":1,"107":1,"108":1,"109":1,"111":1,"113":1},"branchMap":{"0":{"type":"branch","line":24,"loc":{"start":{"line":24,"column":16},"end":{"line":112,"column":2}},"locations":[{"start":{"line":24,"column":16},"end":{"line":112,"column":2}}]},"1":{"type":"branch","line":27,"loc":{"start":{"line":27,"column":36},"end":{"line":27,"column":57}},"locations":[{"start":{"line":27,"column":36},"end":{"line":27,"column":57}}]},"2":{"type":"branch","line":32,"loc":{"start":{"line":32,"column":20},"end":{"line":36,"column":3}},"locations":[{"start":{"line":32,"column":20},"end":{"line":36,"column":3}}]},"3":{"type":"branch","line":33,"loc":{"start":{"line":33,"column":19},"end":{"line":33,"column":46}},"locations":[{"start":{"line":33,"column":19},"end":{"line":33,"column":46}}]},"4":{"type":"branch","line":33,"loc":{"start":{"line":33,"column":46},"end":{"line":35,"column":5}},"locations":[{"start":{"line":33,"column":46},"end":{"line":35,"column":5}}]},"5":{"type":"branch","line":97,"loc":{"start":{"line":97,"column":40},"end":{"line":97,"column":51}},"locations":[{"start":{"line":97,"column":40},"end":{"line":97,"column":51}}]},"6":{"type":"branch","line":97,"loc":{"start":{"line":97,"column":57},"end":{"line":103,"column":13}},"locations":[{"start":{"line":97,"column":57},"end":{"line":103,"column":13}}]}},"b":{"0":[1],"1":[2],"2":[1],"3":[0],"4":[0],"5":[10],"6":[10]},"fnMap":{"0":{"name":"Product","decl":{"start":{"line":24,"column":16},"end":{"line":112,"column":2}},"loc":{"start":{"line":24,"column":16},"end":{"line":112,"column":2}},"line":24},"1":{"name":"handleSelectNumberOfItems","decl":{"start":{"line":38,"column":2},"end":{"line":40,"column":3}},"loc":{"start":{"line":38,"column":2},"end":{"line":40,"column":3}},"line":38},"2":{"name":"handleAddToCart","decl":{"start":{"line":42,"column":2},"end":{"line":56,"column":3}},"loc":{"start":{"line":42,"column":2},"end":{"line":56,"column":3}},"line":42},"3":{"name":"onClick","decl":{"start":{"line":106,"column":25},"end":{"line":106,"column":54}},"loc":{"start":{"line":106,"column":25},"end":{"line":106,"column":54}},"line":106}},"f":{"0":1,"1":0,"2":0,"3":0}}
,"C:\\Users\\mehul\\OneDrive\\Desktop\\react-learning\\Scaler-Frontend\\react\\e-commerce\\src\\components\\Rating.jsx": {"path":"C:\\Users\\mehul\\OneDrive\\Desktop\\react-learning\\Scaler-Frontend\\react\\e-commerce\\src\\components\\Rating.jsx","all":false,"statementMap":{"0":{"start":{"line":1,"column":0},"end":{"line":1,"column":46}},"1":{"start":{"line":2,"column":0},"end":{"line":2,"column":26}},"3":{"start":{"line":4,"column":0},"end":{"line":4,"column":34}},"4":{"start":{"line":5,"column":0},"end":{"line":5,"column":31}},"5":{"start":{"line":6,"column":0},"end":{"line":6,"column":58}},"7":{"start":{"line":8,"column":0},"end":{"line":8,"column":10}},"8":{"start":{"line":9,"column":0},"end":{"line":9,"column":32}},"9":{"start":{"line":10,"column":0},"end":{"line":10,"column":41}},"10":{"start":{"line":11,"column":0},"end":{"line":11,"column":51}},"11":{"start":{"line":12,"column":0},"end":{"line":12,"column":9}},"12":{"start":{"line":13,"column":0},"end":{"line":13,"column":56}},"13":{"start":{"line":14,"column":0},"end":{"line":14,"column":10}},"15":{"start":{"line":16,"column":0},"end":{"line":16,"column":2}},"17":{"start":{"line":18,"column":0},"end":{"line":18,"column":22}}},"s":{"0":1,"1":1,"3":1,"4":2,"5":2,"7":2,"8":2,"9":2,"10":3,"11":2,"12":2,"13":2,"15":2,"17":1},"branchMap":{"0":{"type":"branch","line":4,"loc":{"start":{"line":4,"column":15},"end":{"line":16,"column":2}},"locations":[{"start":{"line":4,"column":15},"end":{"line":16,"column":2}}]},"1":{"type":"branch","line":13,"loc":{"start":{"line":13,"column":23},"end":{"line":13,"column":56}},"locations":[{"start":{"line":13,"column":23},"end":{"line":13,"column":56}}]},"2":{"type":"branch","line":10,"loc":{"start":{"line":10,"column":23},"end":{"line":12,"column":7}},"locations":[{"start":{"line":10,"column":23},"end":{"line":12,"column":7}}]}},"b":{"0":[2],"1":[1],"2":[3]},"fnMap":{"0":{"name":"Rating","decl":{"start":{"line":4,"column":15},"end":{"line":16,"column":2}},"loc":{"start":{"line":4,"column":15},"end":{"line":16,"column":2}},"line":4}},"f":{"0":2}}
,"C:\\Users\\mehul\\OneDrive\\Desktop\\react-learning\\Scaler-Frontend\\react\\e-commerce\\src\\components\\ui\\button.jsx": {"path":"C:\\Users\\mehul\\OneDrive\\Desktop\\react-learning\\Scaler-Frontend\\react\\e-commerce\\src\\components\\ui\\button.jsx","all":false,"statementMap":{"0":{"start":{"line":1,"column":0},"end":{"line":1,"column":31}},"1":{"start":{"line":2,"column":0},"end":{"line":2,"column":44}},"2":{"start":{"line":3,"column":0},"end":{"line":3,"column":47}},"4":{"start":{"line":5,"column":0},"end":{"line":5,"column":33}},"6":{"start":{"line":7,"column":0},"end":{"line":7,"column":27}},"7":{"start":{"line":8,"column":0},"end":{"line":8,"column":463}},"8":{"start":{"line":9,"column":0},"end":{"line":9,"column":3}},"9":{"start":{"line":10,"column":0},"end":{"line":10,"column":15}},"10":{"start":{"line":11,"column":0},"end":{"line":11,"column":16}},"11":{"start":{"line":12,"column":0},"end":{"line":12,"column":16}},"12":{"start":{"line":13,"column":0},"end":{"line":13,"column":92}},"13":{"start":{"line":14,"column":0},"end":{"line":14,"column":20}},"14":{"start":{"line":15,"column":0},"end":{"line":15,"column":160}},"15":{"start":{"line":16,"column":0},"end":{"line":16,"column":16}},"16":{"start":{"line":17,"column":0},"end":{"line":17,"column":116}},"17":{"start":{"line":18,"column":0},"end":{"line":18,"column":18}},"18":{"start":{"line":19,"column":0},"end":{"line":19,"column":98}},"19":{"start":{"line":20,"column":0},"end":{"line":20,"column":77}},"20":{"start":{"line":21,"column":0},"end":{"line":21,"column":79}},"21":{"start":{"line":22,"column":0},"end":{"line":22,"column":8}},"22":{"start":{"line":23,"column":0},"end":{"line":23,"column":13}},"23":{"start":{"line":24,"column":0},"end":{"line":24,"column":49}},"24":{"start":{"line":25,"column":0},"end":{"line":25,"column":60}},"25":{"start":{"line":26,"column":0},"end":{"line":26,"column":51}},"26":{"start":{"line":27,"column":0},"end":{"line":27,"column":23}},"27":{"start":{"line":28,"column":0},"end":{"line":28,"column":8}},"28":{"start":{"line":29,"column":0},"end":{"line":29,"column":6}},"29":{"start":{"line":30,"column":0},"end":{"line":30,"column":22}},"30":{"start":{"line":31,"column":0},"end":{"line":31,"column":25}},"31":{"start":{"line":32,"column":0},"end":{"line":32,"column":22}},"32":{"start":{"line":33,"column":0},"end":{"line":33,"column":6}},"33":{"start":{"line":34,"column":0},"end":{"line":34,"column":3}},"34":{"start":{"line":35,"column":0},"end":{"line":35,"column":2}},"36":{"start":{"line":37,"column":0},"end":{"line":37,"column":74}},"37":{"start":{"line":38,"column":0},"end":{"line":38,"column":41}},"39":{"start":{"line":40,"column":0},"end":{"line":40,"column":10}},"40":{"start":{"line":41,"column":0},"end":{"line":41,"column":9}},"41":{"start":{"line":42,"column":0},"end":{"line":42,"column":24}},"42":{"start":{"line":43,"column":0},"end":{"line":43,"column":66}},"43":{"start":{"line":44,"column":0},"end":{"line":44,"column":16}},"44":{"start":{"line":45,"column":0},"end":{"line":45,"column":6}},"46":{"start":{"line":47,"column":0},"end":{"line":47,"column":1}}},"s":{"0":1,"1":1,"2":1,"4":1,"6":1,"7":1,"8":1,"9":1,"10":1,"11":1,"12":1,"13":1,"14":1,"15":1,"16":1,"17":1,"18":1,"19":1,"20":1,"21":1,"22":1,"23":1,"24":1,"25":1,"26":1,"27":1,"28":1,"29":1,"30":1,"31":1,"32":1,"33":1,"34":1,"36":1,"37":1,"39":1,"40":1,"41":1,"42":1,"43":1,"44":1,"46":1},"branchMap":{"0":{"type":"branch","line":37,"loc":{"start":{"line":37,"column":0},"end":{"line":47,"column":1}},"locations":[{"start":{"line":37,"column":0},"end":{"line":47,"column":1}}]},"1":{"type":"branch","line":38,"loc":{"start":{"line":38,"column":15},"end":{"line":38,"column":32}},"locations":[{"start":{"line":38,"column":15},"end":{"line":38,"column":32}}]}},"b":{"0":[1],"1":[0]},"fnMap":{"0":{"name":"Button","decl":{"start":{"line":37,"column":0},"end":{"line":47,"column":1}},"loc":{"start":{"line":37,"column":0},"end":{"line":47,"column":1}},"line":37}},"f":{"0":1}}
,"C:\\Users\\mehul\\OneDrive\\Desktop\\react-learning\\Scaler-Frontend\\react\\e-commerce\\src\\components\\ui\\card.jsx": {"path":"C:\\Users\\mehul\\OneDrive\\Desktop\\react-learning\\Scaler-Frontend\\react\\e-commerce\\src\\components\\ui\\card.jsx","all":false,"statementMap":{"0":{"start":{"line":1,"column":0},"end":{"line":1,"column":31}},"2":{"start":{"line":3,"column":0},"end":{"line":3,"column":33}},"4":{"start":{"line":5,"column":0},"end":{"line":5,"column":40}},"5":{"start":{"line":6,"column":0},"end":{"line":6,"column":10}},"6":{"start":{"line":7,"column":0},"end":{"line":7,"column":8}},"7":{"start":{"line":8,"column":0},"end":{"line":8,"column":22}},"8":{"start":{"line":9,"column":0},"end":{"line":9,"column":20}},"9":{"start":{"line":10,"column":0},"end":{"line":10,"column":92}},"10":{"start":{"line":11,"column":0},"end":{"line":11,"column":17}},"11":{"start":{"line":12,"column":0},"end":{"line":12,"column":8}},"12":{"start":{"line":13,"column":0},"end":{"line":13,"column":16}},"13":{"start":{"line":14,"column":0},"end":{"line":14,"column":6}},"15":{"start":{"line":16,"column":0},"end":{"line":16,"column":1}},"17":{"start":{"line":18,"column":0},"end":{"line":18,"column":46}},"18":{"start":{"line":19,"column":0},"end":{"line":19,"column":10}},"19":{"start":{"line":20,"column":0},"end":{"line":20,"column":8}},"20":{"start":{"line":21,"column":0},"end":{"line":21,"column":29}},"21":{"start":{"line":22,"column":0},"end":{"line":22,"column":61}},"22":{"start":{"line":23,"column":0},"end":{"line":23,"column":16}},"23":{"start":{"line":24,"column":0},"end":{"line":24,"column":6}},"25":{"start":{"line":26,"column":0},"end":{"line":26,"column":1}},"27":{"start":{"line":28,"column":0},"end":{"line":28,"column":45}},"28":{"start":{"line":29,"column":0},"end":{"line":29,"column":10}},"29":{"start":{"line":30,"column":0},"end":{"line":30,"column":8}},"30":{"start":{"line":31,"column":0},"end":{"line":31,"column":28}},"31":{"start":{"line":32,"column":0},"end":{"line":32,"column":61}},"32":{"start":{"line":33,"column":0},"end":{"line":33,"column":16}},"33":{"start":{"line":34,"column":0},"end":{"line":34,"column":6}},"35":{"start":{"line":36,"column":0},"end":{"line":36,"column":1}},"37":{"start":{"line":38,"column":0},"end":{"line":38,"column":51}},"38":{"start":{"line":39,"column":0},"end":{"line":39,"column":10}},"39":{"start":{"line":40,"column":0},"end":{"line":40,"column":8}},"40":{"start":{"line":41,"column":0},"end":{"line":41,"column":34}},"41":{"start":{"line":42,"column":0},"end":{"line":42,"column":64}},"42":{"start":{"line":43,"column":0},"end":{"line":43,"column":16}},"43":{"start":{"line":44,"column":0},"end":{"line":44,"column":6}},"45":{"start":{"line":46,"column":0},"end":{"line":46,"column":1}},"47":{"start":{"line":48,"column":0},"end":{"line":48,"column":47}},"48":{"start":{"line":49,"column":0},"end":{"line":49,"column":10}},"49":{"start":{"line":50,"column":0},"end":{"line":50,"column":8}},"50":{"start":{"line":51,"column":0},"end":{"line":51,"column":30}},"51":{"start":{"line":52,"column":0},"end":{"line":52,"column":39}},"52":{"start":{"line":53,"column":0},"end":{"line":53,"column":16}},"53":{"start":{"line":54,"column":0},"end":{"line":54,"column":6}},"55":{"start":{"line":56,"column":0},"end":{"line":56,"column":1}},"57":{"start":{"line":58,"column":0},"end":{"line":58,"column":46}},"58":{"start":{"line":59,"column":0},"end":{"line":59,"column":10}},"59":{"start":{"line":60,"column":0},"end":{"line":60,"column":8}},"60":{"start":{"line":61,"column":0},"end":{"line":61,"column":29}},"61":{"start":{"line":62,"column":0},"end":{"line":62,"column":57}},"62":{"start":{"line":63,"column":0},"end":{"line":63,"column":16}},"63":{"start":{"line":64,"column":0},"end":{"line":64,"column":6}},"65":{"start":{"line":66,"column":0},"end":{"line":66,"column":1}}},"s":{"0":1,"2":1,"4":0,"5":0,"6":0,"7":0,"8":0,"9":0,"10":0,"11":0,"12":0,"13":0,"15":0,"17":1,"18":1,"19":1,"20":1,"21":1,"22":1,"23":1,"25":1,"27":1,"28":1,"29":1,"30":1,"31":1,"32":1,"33":1,"35":1,"37":1,"38":1,"39":1,"40":1,"41":1,"42":1,"43":1,"45":1,"47":1,"48":1,"49":1,"50":1,"51":1,"52":1,"53":1,"55":1,"57":1,"58":1,"59":1,"60":1,"61":1,"62":1,"63":1,"65":1},"branchMap":{"0":{"type":"branch","line":18,"loc":{"start":{"line":18,"column":0},"end":{"line":26,"column":1}},"locations":[{"start":{"line":18,"column":0},"end":{"line":26,"column":1}}]},"1":{"type":"branch","line":28,"loc":{"start":{"line":28,"column":0},"end":{"line":36,"column":1}},"locations":[{"start":{"line":28,"column":0},"end":{"line":36,"column":1}}]},"2":{"type":"branch","line":38,"loc":{"start":{"line":38,"column":0},"end":{"line":46,"column":1}},"locations":[{"start":{"line":38,"column":0},"end":{"line":46,"column":1}}]},"3":{"type":"branch","line":48,"loc":{"start":{"line":48,"column":0},"end":{"line":56,"column":1}},"locations":[{"start":{"line":48,"column":0},"end":{"line":56,"column":1}}]},"4":{"type":"branch","line":58,"loc":{"start":{"line":58,"column":0},"end":{"line":66,"column":1}},"locations":[{"start":{"line":58,"column":0},"end":{"line":66,"column":1}}]}},"b":{"0":[1],"1":[1],"2":[1],"3":[1],"4":[1]},"fnMap":{"0":{"name":"Card","decl":{"start":{"line":5,"column":0},"end":{"line":16,"column":1}},"loc":{"start":{"line":5,"column":0},"end":{"line":16,"column":1}},"line":5},"1":{"name":"CardHeader","decl":{"start":{"line":18,"column":0},"end":{"line":26,"column":1}},"loc":{"start":{"line":18,"column":0},"end":{"line":26,"column":1}},"line":18},"2":{"name":"CardTitle","decl":{"start":{"line":28,"column":0},"end":{"line":36,"column":1}},"loc":{"start":{"line":28,"column":0},"end":{"line":36,"column":1}},"line":28},"3":{"name":"CardDescription","decl":{"start":{"line":38,"column":0},"end":{"line":46,"column":1}},"loc":{"start":{"line":38,"column":0},"end":{"line":46,"column":1}},"line":38},"4":{"name":"CardContent","decl":{"start":{"line":48,"column":0},"end":{"line":56,"column":1}},"loc":{"start":{"line":48,"column":0},"end":{"line":56,"column":1}},"line":48},"5":{"name":"CardFooter","decl":{"start":{"line":58,"column":0},"end":{"line":66,"column":1}},"loc":{"start":{"line":58,"column":0},"end":{"line":66,"column":1}},"line":58}},"f":{"0":0,"1":1,"2":1,"3":1,"4":1,"5":1}}
,"C:\\Users\\mehul\\OneDrive\\Desktop\\react-learning\\Scaler-Frontend\\react\\e-commerce\\src\\components\\ui\\select.jsx": {"path":"C:\\Users\\mehul\\OneDrive\\Desktop\\react-learning\\Scaler-Frontend\\react\\e-commerce\\src\\components\\ui\\select.jsx","all":false,"statementMap":{"0":{"start":{"line":1,"column":0},"end":{"line":1,"column":30}},"1":{"start":{"line":2,"column":0},"end":{"line":2,"column":57}},"2":{"start":{"line":3,"column":0},"end":{"line":3,"column":72}},"4":{"start":{"line":5,"column":0},"end":{"line":5,"column":32}},"6":{"start":{"line":7,"column":0},"end":{"line":7,"column":17}},"7":{"start":{"line":8,"column":0},"end":{"line":8,"column":10}},"8":{"start":{"line":9,"column":0},"end":{"line":9,"column":4}},"9":{"start":{"line":10,"column":0},"end":{"line":10,"column":64}},"10":{"start":{"line":11,"column":0},"end":{"line":11,"column":1}},"12":{"start":{"line":13,"column":0},"end":{"line":13,"column":22}},"13":{"start":{"line":14,"column":0},"end":{"line":14,"column":10}},"14":{"start":{"line":15,"column":0},"end":{"line":15,"column":4}},"15":{"start":{"line":16,"column":0},"end":{"line":16,"column":71}},"16":{"start":{"line":17,"column":0},"end":{"line":17,"column":1}},"18":{"start":{"line":19,"column":0},"end":{"line":19,"column":22}},"19":{"start":{"line":20,"column":0},"end":{"line":20,"column":10}},"20":{"start":{"line":21,"column":0},"end":{"line":21,"column":4}},"21":{"start":{"line":22,"column":0},"end":{"line":22,"column":71}},"22":{"start":{"line":23,"column":0},"end":{"line":23,"column":1}},"24":{"start":{"line":25,"column":0},"end":{"line":25,"column":24}},"25":{"start":{"line":26,"column":0},"end":{"line":26,"column":12}},"26":{"start":{"line":27,"column":0},"end":{"line":27,"column":11}},"27":{"start":{"line":28,"column":0},"end":{"line":28,"column":10}},"28":{"start":{"line":29,"column":0},"end":{"line":29,"column":4}},"29":{"start":{"line":30,"column":0},"end":{"line":30,"column":10}},"30":{"start":{"line":31,"column":0},"end":{"line":31,"column":28}},"31":{"start":{"line":32,"column":0},"end":{"line":32,"column":32}},"32":{"start":{"line":33,"column":0},"end":{"line":33,"column":20}},"33":{"start":{"line":34,"column":0},"end":{"line":34,"column":744}},"34":{"start":{"line":35,"column":0},"end":{"line":35,"column":17}},"35":{"start":{"line":36,"column":0},"end":{"line":36,"column":8}},"36":{"start":{"line":37,"column":0},"end":{"line":37,"column":17}},"37":{"start":{"line":38,"column":0},"end":{"line":38,"column":16}},"38":{"start":{"line":39,"column":0},"end":{"line":39,"column":36}},"39":{"start":{"line":40,"column":0},"end":{"line":40,"column":57}},"40":{"start":{"line":41,"column":0},"end":{"line":41,"column":29}},"41":{"start":{"line":42,"column":0},"end":{"line":42,"column":30}},"43":{"start":{"line":44,"column":0},"end":{"line":44,"column":1}},"45":{"start":{"line":46,"column":0},"end":{"line":46,"column":24}},"46":{"start":{"line":47,"column":0},"end":{"line":47,"column":12}},"47":{"start":{"line":48,"column":0},"end":{"line":48,"column":11}},"48":{"start":{"line":49,"column":0},"end":{"line":49,"column":22}},"49":{"start":{"line":50,"column":0},"end":{"line":50,"column":10}},"50":{"start":{"line":51,"column":0},"end":{"line":51,"column":4}},"51":{"start":{"line":52,"column":0},"end":{"line":52,"column":10}},"52":{"start":{"line":53,"column":0},"end":{"line":53,"column":28}},"53":{"start":{"line":54,"column":0},"end":{"line":54,"column":30}},"54":{"start":{"line":55,"column":0},"end":{"line":55,"column":34}},"55":{"start":{"line":56,"column":0},"end":{"line":56,"column":22}},"56":{"start":{"line":57,"column":0},"end":{"line":57,"column":464}},"57":{"start":{"line":58,"column":0},"end":{"line":58,"column":34}},"58":{"start":{"line":59,"column":0},"end":{"line":59,"column":142}},"59":{"start":{"line":60,"column":0},"end":{"line":60,"column":19}},"60":{"start":{"line":61,"column":0},"end":{"line":61,"column":10}},"61":{"start":{"line":62,"column":0},"end":{"line":62,"column":27}},"62":{"start":{"line":63,"column":0},"end":{"line":63,"column":19}},"63":{"start":{"line":64,"column":0},"end":{"line":64,"column":32}},"64":{"start":{"line":65,"column":0},"end":{"line":65,"column":33}},"65":{"start":{"line":66,"column":0},"end":{"line":66,"column":55}},"66":{"start":{"line":67,"column":0},"end":{"line":67,"column":116}},"67":{"start":{"line":68,"column":0},"end":{"line":68,"column":20}},"68":{"start":{"line":69,"column":0},"end":{"line":69,"column":35}},"69":{"start":{"line":70,"column":0},"end":{"line":70,"column":34}},"70":{"start":{"line":71,"column":0},"end":{"line":71,"column":32}},"71":{"start":{"line":72,"column":0},"end":{"line":72,"column":29}},"73":{"start":{"line":74,"column":0},"end":{"line":74,"column":1}},"75":{"start":{"line":76,"column":0},"end":{"line":76,"column":22}},"76":{"start":{"line":77,"column":0},"end":{"line":77,"column":12}},"77":{"start":{"line":78,"column":0},"end":{"line":78,"column":10}},"78":{"start":{"line":79,"column":0},"end":{"line":79,"column":4}},"79":{"start":{"line":80,"column":0},"end":{"line":80,"column":10}},"80":{"start":{"line":81,"column":0},"end":{"line":81,"column":26}},"81":{"start":{"line":82,"column":0},"end":{"line":82,"column":30}},"82":{"start":{"line":83,"column":0},"end":{"line":83,"column":66}},"83":{"start":{"line":84,"column":0},"end":{"line":84,"column":19}},"85":{"start":{"line":86,"column":0},"end":{"line":86,"column":1}},"87":{"start":{"line":88,"column":0},"end":{"line":88,"column":21}},"88":{"start":{"line":89,"column":0},"end":{"line":89,"column":12}},"89":{"start":{"line":90,"column":0},"end":{"line":90,"column":11}},"90":{"start":{"line":91,"column":0},"end":{"line":91,"column":10}},"91":{"start":{"line":92,"column":0},"end":{"line":92,"column":4}},"92":{"start":{"line":93,"column":0},"end":{"line":93,"column":10}},"93":{"start":{"line":94,"column":0},"end":{"line":94,"column":25}},"94":{"start":{"line":95,"column":0},"end":{"line":95,"column":29}},"95":{"start":{"line":96,"column":0},"end":{"line":96,"column":20}},"96":{"start":{"line":97,"column":0},"end":{"line":97,"column":436}},"97":{"start":{"line":98,"column":0},"end":{"line":98,"column":17}},"98":{"start":{"line":99,"column":0},"end":{"line":99,"column":8}},"99":{"start":{"line":100,"column":0},"end":{"line":100,"column":17}},"100":{"start":{"line":101,"column":0},"end":{"line":101,"column":83}},"101":{"start":{"line":102,"column":0},"end":{"line":102,"column":39}},"102":{"start":{"line":103,"column":0},"end":{"line":103,"column":42}},"103":{"start":{"line":104,"column":0},"end":{"line":104,"column":40}},"104":{"start":{"line":105,"column":0},"end":{"line":105,"column":13}},"105":{"start":{"line":106,"column":0},"end":{"line":106,"column":69}},"106":{"start":{"line":107,"column":0},"end":{"line":107,"column":27}},"108":{"start":{"line":109,"column":0},"end":{"line":109,"column":1}},"110":{"start":{"line":111,"column":0},"end":{"line":111,"column":26}},"111":{"start":{"line":112,"column":0},"end":{"line":112,"column":12}},"112":{"start":{"line":113,"column":0},"end":{"line":113,"column":10}},"113":{"start":{"line":114,"column":0},"end":{"line":114,"column":4}},"114":{"start":{"line":115,"column":0},"end":{"line":115,"column":10}},"115":{"start":{"line":116,"column":0},"end":{"line":116,"column":30}},"116":{"start":{"line":117,"column":0},"end":{"line":117,"column":34}},"117":{"start":{"line":118,"column":0},"end":{"line":118,"column":80}},"118":{"start":{"line":119,"column":0},"end":{"line":119,"column":19}},"120":{"start":{"line":121,"column":0},"end":{"line":121,"column":1}},"122":{"start":{"line":123,"column":0},"end":{"line":123,"column":31}},"123":{"start":{"line":124,"column":0},"end":{"line":124,"column":12}},"124":{"start":{"line":125,"column":0},"end":{"line":125,"column":10}},"125":{"start":{"line":126,"column":0},"end":{"line":126,"column":4}},"126":{"start":{"line":127,"column":0},"end":{"line":127,"column":10}},"127":{"start":{"line":128,"column":0},"end":{"line":128,"column":35}},"128":{"start":{"line":129,"column":0},"end":{"line":129,"column":41}},"129":{"start":{"line":130,"column":0},"end":{"line":130,"column":87}},"130":{"start":{"line":131,"column":0},"end":{"line":131,"column":17}},"131":{"start":{"line":132,"column":0},"end":{"line":132,"column":42}},"132":{"start":{"line":133,"column":0},"end":{"line":133,"column":37}},"134":{"start":{"line":135,"column":0},"end":{"line":135,"column":1}},"136":{"start":{"line":137,"column":0},"end":{"line":137,"column":33}},"137":{"start":{"line":138,"column":0},"end":{"line":138,"column":12}},"138":{"start":{"line":139,"column":0},"end":{"line":139,"column":10}},"139":{"start":{"line":140,"column":0},"end":{"line":140,"column":4}},"140":{"start":{"line":141,"column":0},"end":{"line":141,"column":10}},"141":{"start":{"line":142,"column":0},"end":{"line":142,"column":37}},"142":{"start":{"line":143,"column":0},"end":{"line":143,"column":43}},"143":{"start":{"line":144,"column":0},"end":{"line":144,"column":87}},"144":{"start":{"line":145,"column":0},"end":{"line":145,"column":17}},"145":{"start":{"line":146,"column":0},"end":{"line":146,"column":44}},"146":{"start":{"line":147,"column":0},"end":{"line":147,"column":39}},"148":{"start":{"line":149,"column":0},"end":{"line":149,"column":1}}},"s":{"0":1,"1":1,"2":1,"4":1,"6":1,"7":1,"8":1,"9":1,"10":1,"12":0,"13":0,"14":0,"15":0,"16":0,"18":1,"19":1,"20":1,"21":1,"22":1,"24":1,"25":1,"26":1,"27":1,"28":1,"29":1,"30":1,"31":1,"32":1,"33":1,"34":1,"35":1,"36":1,"37":1,"38":1,"39":1,"40":1,"41":1,"43":1,"45":1,"46":1,"47":1,"48":1,"49":1,"50":1,"51":1,"52":1,"53":1,"54":1,"55":1,"56":1,"57":1,"58":1,"59":1,"60":1,"61":1,"62":1,"63":1,"64":1,"65":1,"66":1,"67":1,"68":1,"69":1,"70":1,"71":1,"73":1,"75":0,"76":0,"77":0,"78":0,"79":0,"80":0,"81":0,"82":0,"83":0,"85":0,"87":10,"88":10,"89":10,"90":10,"91":10,"92":10,"93":10,"94":10,"95":10,"96":10,"97":10,"98":10,"99":10,"100":10,"101":10,"102":10,"103":10,"104":10,"105":10,"106":10,"108":10,"110":0,"111":0,"112":0,"113":0,"114":0,"115":0,"116":0,"117":0,"118":0,"120":0,"122":1,"123":1,"124":1,"125":1,"126":1,"127":1,"128":1,"129":1,"130":1,"131":1,"132":1,"134":1,"136":1,"137":1,"138":1,"139":1,"140":1,"141":1,"142":1,"143":1,"144":1,"145":1,"146":1,"148":1},"branchMap":{"0":{"type":"branch","line":7,"loc":{"start":{"line":7,"column":0},"end":{"line":11,"column":1}},"locations":[{"start":{"line":7,"column":0},"end":{"line":11,"column":1}}]},"1":{"type":"branch","line":19,"loc":{"start":{"line":19,"column":0},"end":{"line":23,"column":1}},"locations":[{"start":{"line":19,"column":0},"end":{"line":23,"column":1}}]},"2":{"type":"branch","line":25,"loc":{"start":{"line":25,"column":0},"end":{"line":44,"column":1}},"locations":[{"start":{"line":25,"column":0},"end":{"line":44,"column":1}}]},"3":{"type":"branch","line":46,"loc":{"start":{"line":46,"column":0},"end":{"line":74,"column":1}},"locations":[{"start":{"line":46,"column":0},"end":{"line":74,"column":1}}]},"4":{"type":"branch","line":88,"loc":{"start":{"line":88,"column":0},"end":{"line":109,"column":1}},"locations":[{"start":{"line":88,"column":0},"end":{"line":109,"column":1}}]},"5":{"type":"branch","line":123,"loc":{"start":{"line":123,"column":0},"end":{"line":135,"column":1}},"locations":[{"start":{"line":123,"column":0},"end":{"line":135,"column":1}}]},"6":{"type":"branch","line":137,"loc":{"start":{"line":137,"column":0},"end":{"line":149,"column":1}},"locations":[{"start":{"line":137,"column":0},"end":{"line":149,"column":1}}]}},"b":{"0":[1],"1":[1],"2":[1],"3":[1],"4":[10],"5":[1],"6":[1]},"fnMap":{"0":{"name":"Select","decl":{"start":{"line":7,"column":0},"end":{"line":11,"column":1}},"loc":{"start":{"line":7,"column":0},"end":{"line":11,"column":1}},"line":7},"1":{"name":"SelectGroup","decl":{"start":{"line":13,"column":0},"end":{"line":17,"column":1}},"loc":{"start":{"line":13,"column":0},"end":{"line":17,"column":1}},"line":13},"2":{"name":"SelectValue","decl":{"start":{"line":19,"column":0},"end":{"line":23,"column":1}},"loc":{"start":{"line":19,"column":0},"end":{"line":23,"column":1}},"line":19},"3":{"name":"SelectTrigger","decl":{"start":{"line":25,"column":0},"end":{"line":44,"column":1}},"loc":{"start":{"line":25,"column":0},"end":{"line":44,"column":1}},"line":25},"4":{"name":"SelectContent","decl":{"start":{"line":46,"column":0},"end":{"line":74,"column":1}},"loc":{"start":{"line":46,"column":0},"end":{"line":74,"column":1}},"line":46},"5":{"name":"SelectLabel","decl":{"start":{"line":76,"column":0},"end":{"line":86,"column":1}},"loc":{"start":{"line":76,"column":0},"end":{"line":86,"column":1}},"line":76},"6":{"name":"SelectItem","decl":{"start":{"line":88,"column":0},"end":{"line":109,"column":1}},"loc":{"start":{"line":88,"column":0},"end":{"line":109,"column":1}},"line":88},"7":{"name":"SelectSeparator","decl":{"start":{"line":111,"column":0},"end":{"line":121,"column":1}},"loc":{"start":{"line":111,"column":0},"end":{"line":121,"column":1}},"line":111},"8":{"name":"SelectScrollUpButton","decl":{"start":{"line":123,"column":0},"end":{"line":135,"column":1}},"loc":{"start":{"line":123,"column":0},"end":{"line":135,"column":1}},"line":123},"9":{"name":"SelectScrollDownButton","decl":{"start":{"line":137,"column":0},"end":{"line":149,"column":1}},"loc":{"start":{"line":137,"column":0},"end":{"line":149,"column":1}},"line":137}},"f":{"0":1,"1":0,"2":1,"3":1,"4":1,"5":0,"6":10,"7":0,"8":1,"9":1}}
,"C:\\Users\\mehul\\OneDrive\\Desktop\\react-learning\\Scaler-Frontend\\react\\e-commerce\\src\\lib\\utils.js": {"path":"C:\\Users\\mehul\\OneDrive\\Desktop\\react-learning\\Scaler-Frontend\\react\\e-commerce\\src\\lib\\utils.js","all":false,"statementMap":{"0":{"start":{"line":1,"column":0},"end":{"line":1,"column":56}},"1":{"start":{"line":2,"column":0},"end":{"line":2,"column":74}},"2":{"start":{"line":3,"column":0},"end":{"line":3,"column":0}},"3":{"start":{"line":4,"column":0},"end":{"line":4,"column":31}},"4":{"start":{"line":5,"column":0},"end":{"line":5,"column":31}},"5":{"start":{"line":6,"column":0},"end":{"line":6,"column":1}}},"s":{"0":1,"1":1,"2":1,"3":1,"4":21,"5":21},"branchMap":{"0":{"type":"branch","line":4,"loc":{"start":{"line":4,"column":7},"end":{"line":6,"column":1}},"locations":[{"start":{"line":4,"column":7},"end":{"line":6,"column":1}}]}},"b":{"0":[21]},"fnMap":{"0":{"name":"cn","decl":{"start":{"line":4,"column":7},"end":{"line":6,"column":1}},"loc":{"start":{"line":4,"column":7},"end":{"line":6,"column":1}},"line":4}},"f":{"0":21}}
,"C:\\Users\\mehul\\OneDrive\\Desktop\\react-learning\\Scaler-Frontend\\react\\e-commerce\\src\\redux\\cartSlice.js": {"path":"C:\\Users\\mehul\\OneDrive\\Desktop\\react-learning\\Scaler-Frontend\\react\\e-commerce\\src\\redux\\cartSlice.js","all":false,"statementMap":{"0":{"start":{"line":1,"column":0},"end":{"line":1,"column":91}},"1":{"start":{"line":2,"column":0},"end":{"line":2,"column":0}},"2":{"start":{"line":3,"column":0},"end":{"line":3,"column":38}},"3":{"start":{"line":4,"column":0},"end":{"line":4,"column":15}},"4":{"start":{"line":5,"column":0},"end":{"line":5,"column":17}},"5":{"start":{"line":6,"column":0},"end":{"line":6,"column":18}},"6":{"start":{"line":7,"column":0},"end":{"line":7,"column":4}},"7":{"start":{"line":8,"column":0},"end":{"line":8,"column":13}},"8":{"start":{"line":9,"column":0},"end":{"line":9,"column":35}},"9":{"start":{"line":10,"column":0},"end":{"line":10,"column":34}},"10":{"start":{"line":11,"column":0},"end":{"line":11,"column":48}},"11":{"start":{"line":12,"column":0},"end":{"line":12,"column":45}},"12":{"start":{"line":13,"column":0},"end":{"line":13,"column":8}},"13":{"start":{"line":14,"column":0},"end":{"line":14,"column":0}},"14":{"start":{"line":15,"column":0},"end":{"line":15,"column":25}},"15":{"start":{"line":16,"column":0},"end":{"line":16,"column":47}},"16":{"start":{"line":17,"column":0},"end":{"line":17,"column":14}},"17":{"start":{"line":18,"column":0},"end":{"line":18,"column":72}},"18":{"start":{"line":19,"column":0},"end":{"line":19,"column":7}},"19":{"start":{"line":20,"column":0},"end":{"line":20,"column":6}},"20":{"start":{"line":21,"column":0},"end":{"line":21,"column":40}},"21":{"start":{"line":22,"column":0},"end":{"line":22,"column":36}},"22":{"start":{"line":23,"column":0},"end":{"line":23,"column":0}},"23":{"start":{"line":24,"column":0},"end":{"line":24,"column":48}},"24":{"start":{"line":25,"column":0},"end":{"line":25,"column":44}},"25":{"start":{"line":26,"column":0},"end":{"line":26,"column":8}},"26":{"start":{"line":27,"column":0},"end":{"line":27,"column":0}},"27":{"start":{"line":28,"column":0},"end":{"line":28,"column":38}},"28":{"start":{"line":29,"column":0},"end":{"line":29,"column":58}},"29":{"start":{"line":30,"column":0},"end":{"line":30,"column":14}},"30":{"start":{"line":31,"column":0},"end":{"line":31,"column":77}},"31":{"start":{"line":32,"column":0},"end":{"line":32,"column":7}},"32":{"start":{"line":33,"column":0},"end":{"line":33,"column":6}},"33":{"start":{"line":34,"column":0},"end":{"line":34,"column":48}},"34":{"start":{"line":35,"column":0},"end":{"line":35,"column":36}},"35":{"start":{"line":36,"column":0},"end":{"line":36,"column":75}},"36":{"start":{"line":37,"column":0},"end":{"line":37,"column":6}},"37":{"start":{"line":38,"column":0},"end":{"line":38,"column":27}},"38":{"start":{"line":39,"column":0},"end":{"line":39,"column":27}},"39":{"start":{"line":40,"column":0},"end":{"line":40,"column":6}},"40":{"start":{"line":41,"column":0},"end":{"line":41,"column":4}},"41":{"start":{"line":42,"column":0},"end":{"line":42,"column":3}},"42":{"start":{"line":43,"column":0},"end":{"line":43,"column":0}},"43":{"start":{"line":44,"column":0},"end":{"line":44,"column":79}},"44":{"start":{"line":45,"column":0},"end":{"line":45,"column":20}},"45":{"start":{"line":46,"column":0},"end":{"line":46,"column":33}}},"s":{"0":1,"1":1,"2":1,"3":1,"4":1,"5":1,"6":1,"7":1,"8":1,"9":0,"10":0,"11":0,"12":0,"13":0,"14":0,"15":0,"16":0,"17":0,"18":0,"19":1,"20":1,"21":0,"22":0,"23":0,"24":0,"25":0,"26":0,"27":0,"28":0,"29":0,"30":0,"31":0,"32":1,"33":1,"34":0,"35":0,"36":1,"37":1,"38":0,"39":1,"40":1,"41":1,"42":1,"43":1,"44":1,"45":1},"branchMap":{},"b":{},"fnMap":{"0":{"name":"addToCart","decl":{"start":{"line":9,"column":15},"end":{"line":20,"column":5}},"loc":{"start":{"line":9,"column":15},"end":{"line":20,"column":5}},"line":9},"1":{"name":"removeFromCart","decl":{"start":{"line":21,"column":20},"end":{"line":33,"column":5}},"loc":{"start":{"line":21,"column":20},"end":{"line":33,"column":5}},"line":21},"2":{"name":"deleteItemFromCartList","decl":{"start":{"line":34,"column":28},"end":{"line":37,"column":5}},"loc":{"start":{"line":34,"column":28},"end":{"line":37,"column":5}},"line":34},"3":{"name":"clearCart","decl":{"start":{"line":38,"column":15},"end":{"line":40,"column":5}},"loc":{"start":{"line":38,"column":15},"end":{"line":40,"column":5}},"line":38}},"f":{"0":0,"1":0,"2":0,"3":0}}
}
